# JRE version: Java(TM) SE Runtime Environment (17.0.7+8) (build 17.0.7+8-LTS-224)
# Java VM: Java HotSpot(TM) 64-Bit Server VM (17.0.7+8-LTS-224, mixed mode, sharing, tiered, compressed oops, compressed class ptrs, g1 gc, windows-amd64)
GC Precious Log:
 CPUs: 8 total, 8 available
 Memory: 16270M
 Large Page Support: Disabled
 NUMA Support: Disabled
 Compressed Oops: Enabled (Zero based)
 Heap Region Size: 2M
 Heap Min Capacity: 8M
 Heap Initial Capacity: 256M
 Heap Max Capacity: 4068M
 Pre-touch: Disabled
 Parallel Workers: 8
 Concurrent Workers: 2
 Concurrent Refinement Workers: 8
 Periodic GC: Disabled
Heap:
 garbage-first heap   total 268288K, used 150698K [0x0000000701c00000, 0x0000000800000000)
  region size 2048K, 42 young (86016K), 1 survivors (2048K)
 Metaspace       used 39322K, committed 39808K, reserved 1089536K
  class space    used 4505K, committed 4736K, reserved 1048576K
GC Heap History (20 events):
Event: 18.435 GC heap before
{Heap before GC invocations=10 (full 0):
 garbage-first heap   total 106496K, used 73638K [0x0000000701c00000, 0x0000000800000000)
  region size 2048K, 17 young (34816K), 2 survivors (4096K)
 Metaspace       used 35552K, committed 35904K, reserved 1081344K
  class space    used 4059K, committed 4224K, reserved 1048576K
}
Event: 18.451 GC heap after
{Heap after GC invocations=11 (full 0):
 garbage-first heap   total 106496K, used 44524K [0x0000000701c00000, 0x0000000800000000)
  region size 2048K, 2 young (4096K), 2 survivors (4096K)
 Metaspace       used 35552K, committed 35904K, reserved 1081344K
  class space    used 4059K, committed 4224K, reserved 1048576K
}
Event: 19.043 GC heap before
{Heap before GC invocations=11 (full 0):
 garbage-first heap   total 106496K, used 60908K [0x0000000701c00000, 0x0000000800000000)
  region size 2048K, 12 young (24576K), 2 survivors (4096K)
 Metaspace       used 35625K, committed 35968K, reserved 1081344K
  class space    used 4061K, committed 4224K, reserved 1048576K
}
Event: 19.057 GC heap after
{Heap after GC invocations=12 (full 0):
 garbage-first heap   total 106496K, used 52548K [0x0000000701c00000, 0x0000000800000000)
  region size 2048K, 3 young (6144K), 3 survivors (6144K)
 Metaspace       used 35625K, committed 35968K, reserved 1081344K
  class space    used 4061K, committed 4224K, reserved 1048576K
}
Event: 19.537 GC heap before
{Heap before GC invocations=13 (full 0):
 garbage-first heap   total 106496K, used 77124K [0x0000000701c00000, 0x0000000800000000)
  region size 2048K, 15 young (30720K), 3 survivors (6144K)
 Metaspace       used 35659K, committed 36032K, reserved 1081344K
  class space    used 4061K, committed 4224K, reserved 1048576K
}
Event: 19.550 GC heap after
{Heap after GC invocations=14 (full 0):
 garbage-first heap   total 106496K, used 62292K [0x0000000701c00000, 0x0000000800000000)
  region size 2048K, 2 young (4096K), 2 survivors (4096K)
 Metaspace       used 35659K, committed 36032K, reserved 1081344K
  class space    used 4061K, committed 4224K, reserved 1048576K
}
Event: 19.581 GC heap before
{Heap before GC invocations=14 (full 0):
 garbage-first heap   total 106496K, used 64340K [0x0000000701c00000, 0x0000000800000000)
  region size 2048K, 3 young (6144K), 2 survivors (4096K)
 Metaspace       used 35659K, committed 36032K, reserved 1081344K
  class space    used 4061K, committed 4224K, reserved 1048576K
}
Event: 19.601 GC heap after
{Heap after GC invocations=15 (full 0):
 garbage-first heap   total 129024K, used 56635K [0x0000000701c00000, 0x0000000800000000)
  region size 2048K, 1 young (2048K), 1 survivors (2048K)
 Metaspace       used 35659K, committed 36032K, reserved 1081344K
  class space    used 4061K, committed 4224K, reserved 1048576K
}
Event: 20.435 GC heap before
{Heap before GC invocations=15 (full 0):
 garbage-first heap   total 129024K, used 87355K [0x0000000701c00000, 0x0000000800000000)
  region size 2048K, 16 young (32768K), 1 survivors (2048K)
 Metaspace       used 36097K, committed 36416K, reserved 1081344K
  class space    used 4091K, committed 4224K, reserved 1048576K
}
Event: 20.445 GC heap after
{Heap after GC invocations=16 (full 0):
 garbage-first heap   total 129024K, used 64738K [0x0000000701c00000, 0x0000000800000000)
  region size 2048K, 2 young (4096K), 2 survivors (4096K)
 Metaspace       used 36097K, committed 36416K, reserved 1081344K
  class space    used 4091K, committed 4224K, reserved 1048576K
}
Event: 21.380 GC heap before
{Heap before GC invocations=16 (full 0):
 garbage-first heap   total 129024K, used 89314K [0x0000000701c00000, 0x0000000800000000)
  region size 2048K, 15 young (30720K), 2 survivors (4096K)
 Metaspace       used 37061K, committed 37312K, reserved 1089536K
  class space    used 4225K, committed 4352K, reserved 1048576K
}
Event: 21.386 GC heap after
{Heap after GC invocations=17 (full 0):
 garbage-first heap   total 129024K, used 64967K [0x0000000701c00000, 0x0000000800000000)
  region size 2048K, 1 young (2048K), 1 survivors (2048K)
 Metaspace       used 37061K, committed 37312K, reserved 1089536K
  class space    used 4225K, committed 4352K, reserved 1048576K
}
Event: 22.308 GC heap before
{Heap before GC invocations=18 (full 0):
 garbage-first heap   total 129024K, used 91591K [0x0000000701c00000, 0x0000000800000000)
  region size 2048K, 14 young (28672K), 1 survivors (2048K)
 Metaspace       used 36146K, committed 36480K, reserved 1089536K
  class space    used 4083K, committed 4224K, reserved 1048576K
}
Event: 22.313 GC heap after
{Heap after GC invocations=19 (full 0):
 garbage-first heap   total 129024K, used 66059K [0x0000000701c00000, 0x0000000800000000)
  region size 2048K, 1 young (2048K), 1 survivors (2048K)
 Metaspace       used 36146K, committed 36480K, reserved 1089536K
  class space    used 4083K, committed 4224K, reserved 1048576K
}
Event: 22.421 GC heap before
{Heap before GC invocations=19 (full 0):
 garbage-first heap   total 129024K, used 70155K [0x0000000701c00000, 0x0000000800000000)
  region size 2048K, 3 young (6144K), 1 survivors (2048K)
 Metaspace       used 36156K, committed 36480K, reserved 1089536K
  class space    used 4083K, committed 4224K, reserved 1048576K
}
Event: 22.429 GC heap after
{Heap after GC invocations=20 (full 0):
 garbage-first heap   total 129024K, used 53713K [0x0000000701c00000, 0x0000000800000000)
  region size 2048K, 1 young (2048K), 1 survivors (2048K)
 Metaspace       used 36156K, committed 36480K, reserved 1089536K
  class space    used 4083K, committed 4224K, reserved 1048576K
}
Event: 22.517 GC heap before
{Heap before GC invocations=20 (full 0):
 garbage-first heap   total 129024K, used 57809K [0x0000000701c00000, 0x0000000800000000)
  region size 2048K, 3 young (6144K), 1 survivors (2048K)
 Metaspace       used 36160K, committed 36480K, reserved 1089536K
  class space    used 4083K, committed 4224K, reserved 1048576K
}
Event: 22.526 GC heap after
{Heap after GC invocations=21 (full 0):
 garbage-first heap   total 129024K, used 44610K [0x0000000701c00000, 0x0000000800000000)
  region size 2048K, 1 young (2048K), 1 survivors (2048K)
 Metaspace       used 36160K, committed 36480K, reserved 1089536K
  class space    used 4083K, committed 4224K, reserved 1048576K
}
Event: 22.639 GC heap before
{Heap before GC invocations=21 (full 0):
 garbage-first heap   total 129024K, used 48706K [0x0000000701c00000, 0x0000000800000000)
  region size 2048K, 3 young (6144K), 1 survivors (2048K)
 Metaspace       used 36165K, committed 36480K, reserved 1089536K
  class space    used 4083K, committed 4224K, reserved 1048576K
}
Event: 22.646 GC heap after
{Heap after GC invocations=22 (full 0):
 garbage-first heap   total 268288K, used 44202K [0x0000000701c00000, 0x0000000800000000)
  region size 2048K, 1 young (2048K), 1 survivors (2048K)
 Metaspace       used 36165K, committed 36480K, reserved 1089536K
  class space    used 4083K, committed 4224K, reserved 1048576K
}

